2019-12-10 09:32:06.700  INFO 12556 --- [main] com.example.demo.DemoApplicationTests    : Starting DemoApplicationTests on wuxiao-PC with PID 12556 (started by wuxiao in D:\java项目\vhr-master\vhr-master\demo2)
2019-12-10 09:32:06.705  INFO 12556 --- [main] com.example.demo.DemoApplicationTests    : No active profile set, falling back to default profiles: default
2019-12-10 09:32:08.255  INFO 12556 --- [main] trationDelegate$BeanPostProcessorChecker : Bean 'org.springframework.transaction.annotation.ProxyTransactionManagementConfiguration' of type [org.springframework.transaction.annotation.ProxyTransactionManagementConfiguration] is not eligible for getting processed by all BeanPostProcessors (for example: not eligible for auto-proxying)
2019-12-10 09:32:09.453  INFO 12556 --- [main] pertySourcedRequestMappingHandlerMapping : Mapped URL path [/v2/api-docs] onto method [springfox.documentation.swagger2.web.Swagger2Controller#getDocumentation(String, HttpServletRequest)]
2019-12-10 09:32:10.293  INFO 12556 --- [main] o.s.s.c.ThreadPoolTaskScheduler          : Initializing ExecutorService 'taskScheduler'
2019-12-10 09:32:10.371  INFO 12556 --- [main] d.s.w.p.DocumentationPluginsBootstrapper : Context refreshed
2019-12-10 09:32:10.415  INFO 12556 --- [main] d.s.w.p.DocumentationPluginsBootstrapper : Found 1 custom documentation plugin(s)
2019-12-10 09:32:10.497  INFO 12556 --- [main] s.d.s.w.s.ApiListingReferenceScanner     : Scanning for api listing references
2019-12-10 09:32:10.743  INFO 12556 --- [main] com.example.demo.DemoApplicationTests    : Started DemoApplicationTests in 4.516 seconds (JVM running for 5.617)
2019-12-10 09:32:11.058  INFO 12556 --- [SpringContextShutdownHook] o.s.s.c.ThreadPoolTaskScheduler          : Shutting down ExecutorService 'taskScheduler'
2019-12-10 09:35:37.113  INFO 14228 --- [main] com.example.demo.DemoApplicationTests    : Starting DemoApplicationTests on wuxiao-PC with PID 14228 (started by wuxiao in D:\java项目\vhr-master\vhr-master\demo2)
2019-12-10 09:35:37.115  INFO 14228 --- [main] com.example.demo.DemoApplicationTests    : No active profile set, falling back to default profiles: default
2019-12-10 09:35:38.452  INFO 14228 --- [main] trationDelegate$BeanPostProcessorChecker : Bean 'org.springframework.transaction.annotation.ProxyTransactionManagementConfiguration' of type [org.springframework.transaction.annotation.ProxyTransactionManagementConfiguration] is not eligible for getting processed by all BeanPostProcessors (for example: not eligible for auto-proxying)
2019-12-10 09:35:39.531  INFO 14228 --- [main] pertySourcedRequestMappingHandlerMapping : Mapped URL path [/v2/api-docs] onto method [springfox.documentation.swagger2.web.Swagger2Controller#getDocumentation(String, HttpServletRequest)]
2019-12-10 09:35:40.377  INFO 14228 --- [main] o.s.s.c.ThreadPoolTaskScheduler          : Initializing ExecutorService 'taskScheduler'
2019-12-10 09:35:40.460  INFO 14228 --- [main] d.s.w.p.DocumentationPluginsBootstrapper : Context refreshed
2019-12-10 09:35:40.486  INFO 14228 --- [main] d.s.w.p.DocumentationPluginsBootstrapper : Found 1 custom documentation plugin(s)
2019-12-10 09:35:40.560  INFO 14228 --- [main] s.d.s.w.s.ApiListingReferenceScanner     : Scanning for api listing references
2019-12-10 09:35:40.770  INFO 14228 --- [main] com.example.demo.DemoApplicationTests    : Started DemoApplicationTests in 4.059 seconds (JVM running for 5.188)
2019-12-10 09:35:41.020  INFO 14228 --- [SpringContextShutdownHook] o.s.s.c.ThreadPoolTaskScheduler          : Shutting down ExecutorService 'taskScheduler'
2019-12-10 09:43:59.804  INFO 14200 --- [main] com.example.demo.DemoApplicationTests    : Starting DemoApplicationTests on wuxiao-PC with PID 14200 (started by wuxiao in D:\java项目\vhr-master\vhr-master\demo2)
2019-12-10 09:43:59.806  INFO 14200 --- [main] com.example.demo.DemoApplicationTests    : No active profile set, falling back to default profiles: default
2019-12-10 09:44:01.191  INFO 14200 --- [main] trationDelegate$BeanPostProcessorChecker : Bean 'org.springframework.transaction.annotation.ProxyTransactionManagementConfiguration' of type [org.springframework.transaction.annotation.ProxyTransactionManagementConfiguration] is not eligible for getting processed by all BeanPostProcessors (for example: not eligible for auto-proxying)
2019-12-10 09:44:02.320  INFO 14200 --- [main] pertySourcedRequestMappingHandlerMapping : Mapped URL path [/v2/api-docs] onto method [springfox.documentation.swagger2.web.Swagger2Controller#getDocumentation(String, HttpServletRequest)]
2019-12-10 09:44:03.138  INFO 14200 --- [main] o.s.s.c.ThreadPoolTaskScheduler          : Initializing ExecutorService 'taskScheduler'
2019-12-10 09:44:03.234  INFO 14200 --- [main] d.s.w.p.DocumentationPluginsBootstrapper : Context refreshed
2019-12-10 09:44:03.263  INFO 14200 --- [main] d.s.w.p.DocumentationPluginsBootstrapper : Found 1 custom documentation plugin(s)
2019-12-10 09:44:03.302  INFO 14200 --- [main] s.d.s.w.s.ApiListingReferenceScanner     : Scanning for api listing references
2019-12-10 09:44:03.529  INFO 14200 --- [main] com.example.demo.DemoApplicationTests    : Started DemoApplicationTests in 4.116 seconds (JVM running for 5.135)
2019-12-10 09:44:03.789  INFO 14200 --- [SpringContextShutdownHook] o.s.s.c.ThreadPoolTaskScheduler          : Shutting down ExecutorService 'taskScheduler'
2019-12-10 09:59:52.850  INFO 14208 --- [main] com.example.demo.DemoApplicationTests    : Starting DemoApplicationTests on wuxiao-PC with PID 14208 (started by wuxiao in D:\java项目\vhr-master\vhr-master\demo2)
2019-12-10 09:59:52.852  INFO 14208 --- [main] com.example.demo.DemoApplicationTests    : No active profile set, falling back to default profiles: default
2019-12-10 09:59:54.144  INFO 14208 --- [main] trationDelegate$BeanPostProcessorChecker : Bean 'org.springframework.transaction.annotation.ProxyTransactionManagementConfiguration' of type [org.springframework.transaction.annotation.ProxyTransactionManagementConfiguration] is not eligible for getting processed by all BeanPostProcessors (for example: not eligible for auto-proxying)
2019-12-10 09:59:55.261  INFO 14208 --- [main] pertySourcedRequestMappingHandlerMapping : Mapped URL path [/v2/api-docs] onto method [springfox.documentation.swagger2.web.Swagger2Controller#getDocumentation(String, HttpServletRequest)]
2019-12-10 09:59:56.059  INFO 14208 --- [main] o.s.s.c.ThreadPoolTaskScheduler          : Initializing ExecutorService 'taskScheduler'
2019-12-10 09:59:56.140  INFO 14208 --- [main] d.s.w.p.DocumentationPluginsBootstrapper : Context refreshed
2019-12-10 09:59:56.175  INFO 14208 --- [main] d.s.w.p.DocumentationPluginsBootstrapper : Found 1 custom documentation plugin(s)
2019-12-10 09:59:56.219  INFO 14208 --- [main] s.d.s.w.s.ApiListingReferenceScanner     : Scanning for api listing references
2019-12-10 09:59:56.439  INFO 14208 --- [main] com.example.demo.DemoApplicationTests    : Started DemoApplicationTests in 3.983 seconds (JVM running for 5.008)
2019-12-10 09:59:56.689  INFO 14208 --- [SpringContextShutdownHook] o.s.s.c.ThreadPoolTaskScheduler          : Shutting down ExecutorService 'taskScheduler'
2019-12-10 10:03:51.145  INFO 10300 --- [main] com.example.demo.DemoApplicationTests    : Starting DemoApplicationTests on wuxiao-PC with PID 10300 (started by wuxiao in D:\java项目\vhr-master\vhr-master\demo2)
2019-12-10 10:03:51.147  INFO 10300 --- [main] com.example.demo.DemoApplicationTests    : No active profile set, falling back to default profiles: default
2019-12-10 10:03:52.491  INFO 10300 --- [main] trationDelegate$BeanPostProcessorChecker : Bean 'org.springframework.transaction.annotation.ProxyTransactionManagementConfiguration' of type [org.springframework.transaction.annotation.ProxyTransactionManagementConfiguration] is not eligible for getting processed by all BeanPostProcessors (for example: not eligible for auto-proxying)
2019-12-10 10:03:53.620  INFO 10300 --- [main] pertySourcedRequestMappingHandlerMapping : Mapped URL path [/v2/api-docs] onto method [springfox.documentation.swagger2.web.Swagger2Controller#getDocumentation(String, HttpServletRequest)]
2019-12-10 10:03:54.418  INFO 10300 --- [main] o.s.s.c.ThreadPoolTaskScheduler          : Initializing ExecutorService 'taskScheduler'
2019-12-10 10:03:54.533  INFO 10300 --- [main] d.s.w.p.DocumentationPluginsBootstrapper : Context refreshed
2019-12-10 10:03:54.563  INFO 10300 --- [main] d.s.w.p.DocumentationPluginsBootstrapper : Found 1 custom documentation plugin(s)
2019-12-10 10:03:54.608  INFO 10300 --- [main] s.d.s.w.s.ApiListingReferenceScanner     : Scanning for api listing references
2019-12-10 10:03:54.838  INFO 10300 --- [main] com.example.demo.DemoApplicationTests    : Started DemoApplicationTests in 4.074 seconds (JVM running for 5.144)
2019-12-10 10:03:55.085  INFO 10300 --- [SpringContextShutdownHook] o.s.s.c.ThreadPoolTaskScheduler          : Shutting down ExecutorService 'taskScheduler'
2019-12-10 10:05:46.069  INFO 13416 --- [main] com.example.demo.DemoApplication         : Starting DemoApplication on wuxiao-PC with PID 13416 (started by wuxiao in D:\java椤圭\vhr-master\vhr-master\demo2)
2019-12-10 10:05:46.072  INFO 13416 --- [main] com.example.demo.DemoApplication         : No active profile set, falling back to default profiles: default
2019-12-10 10:05:47.161  INFO 13416 --- [main] trationDelegate$BeanPostProcessorChecker : Bean 'org.springframework.transaction.annotation.ProxyTransactionManagementConfiguration' of type [org.springframework.transaction.annotation.ProxyTransactionManagementConfiguration] is not eligible for getting processed by all BeanPostProcessors (for example: not eligible for auto-proxying)
2019-12-10 10:05:47.399  INFO 13416 --- [main] o.s.b.w.embedded.tomcat.TomcatWebServer  : Tomcat initialized with port(s): 8080 (http)
2019-12-10 10:05:47.409  INFO 13416 --- [main] o.apache.catalina.core.StandardService   : Starting service [Tomcat]
2019-12-10 10:05:47.409  INFO 13416 --- [main] org.apache.catalina.core.StandardEngine  : Starting Servlet engine: [Apache Tomcat/9.0.27]
2019-12-10 10:05:47.544  INFO 13416 --- [main] o.a.c.c.C.[Tomcat].[localhost].[/]       : Initializing Spring embedded WebApplicationContext
2019-12-10 10:05:47.544  INFO 13416 --- [main] o.s.web.context.ContextLoader            : Root WebApplicationContext: initialization completed in 1424 ms
2019-12-10 10:05:47.566  INFO 13416 --- [main] o.s.boot.web.servlet.RegistrationBean    : Servlet dispatcherServlet was not registered (possibly already registered?)
2019-12-10 10:05:48.073  INFO 13416 --- [main] pertySourcedRequestMappingHandlerMapping : Mapped URL path [/v2/api-docs] onto method [springfox.documentation.swagger2.web.Swagger2Controller#getDocumentation(String, HttpServletRequest)]
2019-12-10 10:05:48.345  INFO 13416 --- [main] o.s.s.c.ThreadPoolTaskScheduler          : Initializing ExecutorService 'taskScheduler'
2019-12-10 10:05:48.374  INFO 13416 --- [main] d.s.w.p.DocumentationPluginsBootstrapper : Context refreshed
2019-12-10 10:05:48.386  INFO 13416 --- [main] d.s.w.p.DocumentationPluginsBootstrapper : Found 1 custom documentation plugin(s)
2019-12-10 10:05:48.409  INFO 13416 --- [main] s.d.s.w.s.ApiListingReferenceScanner     : Scanning for api listing references
2019-12-10 10:05:48.571  INFO 13416 --- [main] o.s.b.w.embedded.tomcat.TomcatWebServer  : Tomcat started on port(s): 8080 (http) with context path ''
2019-12-10 10:05:48.574  INFO 13416 --- [main] com.example.demo.DemoApplication         : Started DemoApplication in 2.869 seconds (JVM running for 3.632)
2019-12-10 10:06:10.199  INFO 14744 --- [main] com.example.demo.DemoApplicationTests    : Starting DemoApplicationTests on wuxiao-PC with PID 14744 (started by wuxiao in D:\java项目\vhr-master\vhr-master\demo2)
2019-12-10 10:06:10.200  INFO 14744 --- [main] com.example.demo.DemoApplicationTests    : No active profile set, falling back to default profiles: default
2019-12-10 10:06:11.552  INFO 14744 --- [main] trationDelegate$BeanPostProcessorChecker : Bean 'org.springframework.transaction.annotation.ProxyTransactionManagementConfiguration' of type [org.springframework.transaction.annotation.ProxyTransactionManagementConfiguration] is not eligible for getting processed by all BeanPostProcessors (for example: not eligible for auto-proxying)
2019-12-10 10:06:12.665  INFO 14744 --- [main] pertySourcedRequestMappingHandlerMapping : Mapped URL path [/v2/api-docs] onto method [springfox.documentation.swagger2.web.Swagger2Controller#getDocumentation(String, HttpServletRequest)]
2019-12-10 10:06:13.506  INFO 14744 --- [main] o.s.s.c.ThreadPoolTaskScheduler          : Initializing ExecutorService 'taskScheduler'
2019-12-10 10:06:13.595  INFO 14744 --- [main] d.s.w.p.DocumentationPluginsBootstrapper : Context refreshed
2019-12-10 10:06:13.681  INFO 14744 --- [main] d.s.w.p.DocumentationPluginsBootstrapper : Found 1 custom documentation plugin(s)
2019-12-10 10:06:13.722  INFO 14744 --- [main] s.d.s.w.s.ApiListingReferenceScanner     : Scanning for api listing references
2019-12-10 10:06:13.950  INFO 14744 --- [main] com.example.demo.DemoApplicationTests    : Started DemoApplicationTests in 4.157 seconds (JVM running for 5.185)
2019-12-10 10:06:14.181  INFO 14744 --- [SpringContextShutdownHook] o.s.s.c.ThreadPoolTaskScheduler          : Shutting down ExecutorService 'taskScheduler'
2019-12-10 10:09:05.421  INFO 8520 --- [main] com.example.demo.DemoApplication         : Starting DemoApplication on wuxiao-PC with PID 8520 (started by wuxiao in D:\java椤圭\vhr-master\vhr-master\demo2)
2019-12-10 10:09:05.425  INFO 8520 --- [main] com.example.demo.DemoApplication         : No active profile set, falling back to default profiles: default
2019-12-10 10:09:06.542  INFO 8520 --- [main] trationDelegate$BeanPostProcessorChecker : Bean 'org.springframework.transaction.annotation.ProxyTransactionManagementConfiguration' of type [org.springframework.transaction.annotation.ProxyTransactionManagementConfiguration] is not eligible for getting processed by all BeanPostProcessors (for example: not eligible for auto-proxying)
2019-12-10 10:09:06.766  INFO 8520 --- [main] o.s.b.w.embedded.tomcat.TomcatWebServer  : Tomcat initialized with port(s): 8080 (http)
2019-12-10 10:09:06.773  INFO 8520 --- [main] o.apache.catalina.core.StandardService   : Starting service [Tomcat]
2019-12-10 10:09:06.774  INFO 8520 --- [main] org.apache.catalina.core.StandardEngine  : Starting Servlet engine: [Apache Tomcat/9.0.27]
2019-12-10 10:09:06.885  INFO 8520 --- [main] o.a.c.c.C.[Tomcat].[localhost].[/]       : Initializing Spring embedded WebApplicationContext
2019-12-10 10:09:06.885  INFO 8520 --- [main] o.s.web.context.ContextLoader            : Root WebApplicationContext: initialization completed in 1408 ms
2019-12-10 10:09:06.906  INFO 8520 --- [main] o.s.boot.web.servlet.RegistrationBean    : Servlet dispatcherServlet was not registered (possibly already registered?)
2019-12-10 10:09:07.344  INFO 8520 --- [main] pertySourcedRequestMappingHandlerMapping : Mapped URL path [/v2/api-docs] onto method [springfox.documentation.swagger2.web.Swagger2Controller#getDocumentation(String, HttpServletRequest)]
2019-12-10 10:09:07.620  INFO 8520 --- [main] o.s.s.c.ThreadPoolTaskScheduler          : Initializing ExecutorService 'taskScheduler'
2019-12-10 10:09:07.651  INFO 8520 --- [main] d.s.w.p.DocumentationPluginsBootstrapper : Context refreshed
2019-12-10 10:09:07.664  INFO 8520 --- [main] d.s.w.p.DocumentationPluginsBootstrapper : Found 1 custom documentation plugin(s)
2019-12-10 10:09:07.686  INFO 8520 --- [main] s.d.s.w.s.ApiListingReferenceScanner     : Scanning for api listing references
2019-12-10 10:09:07.842  INFO 8520 --- [main] o.s.b.w.embedded.tomcat.TomcatWebServer  : Tomcat started on port(s): 8080 (http) with context path ''
2019-12-10 10:09:07.845  INFO 8520 --- [main] com.example.demo.DemoApplication         : Started DemoApplication in 2.757 seconds (JVM running for 3.474)
2019-12-10 10:09:28.507  INFO 17216 --- [main] com.example.demo.DemoApplicationTests    : Starting DemoApplicationTests on wuxiao-PC with PID 17216 (started by wuxiao in D:\java项目\vhr-master\vhr-master\demo2)
2019-12-10 10:09:28.509  INFO 17216 --- [main] com.example.demo.DemoApplicationTests    : No active profile set, falling back to default profiles: default
2019-12-10 10:09:29.834  INFO 17216 --- [main] trationDelegate$BeanPostProcessorChecker : Bean 'org.springframework.transaction.annotation.ProxyTransactionManagementConfiguration' of type [org.springframework.transaction.annotation.ProxyTransactionManagementConfiguration] is not eligible for getting processed by all BeanPostProcessors (for example: not eligible for auto-proxying)
2019-12-10 10:09:30.986  INFO 17216 --- [main] pertySourcedRequestMappingHandlerMapping : Mapped URL path [/v2/api-docs] onto method [springfox.documentation.swagger2.web.Swagger2Controller#getDocumentation(String, HttpServletRequest)]
2019-12-10 10:09:31.795  INFO 17216 --- [main] o.s.s.c.ThreadPoolTaskScheduler          : Initializing ExecutorService 'taskScheduler'
2019-12-10 10:09:31.892  INFO 17216 --- [main] d.s.w.p.DocumentationPluginsBootstrapper : Context refreshed
2019-12-10 10:09:31.927  INFO 17216 --- [main] d.s.w.p.DocumentationPluginsBootstrapper : Found 1 custom documentation plugin(s)
2019-12-10 10:09:31.977  INFO 17216 --- [main] s.d.s.w.s.ApiListingReferenceScanner     : Scanning for api listing references
2019-12-10 10:09:32.238  INFO 17216 --- [main] com.example.demo.DemoApplicationTests    : Started DemoApplicationTests in 4.149 seconds (JVM running for 5.205)
2019-12-10 10:09:32.478  INFO 17216 --- [SpringContextShutdownHook] o.s.s.c.ThreadPoolTaskScheduler          : Shutting down ExecutorService 'taskScheduler'
2019-12-10 10:21:51.258  INFO 8912 --- [main] com.example.demo.DemoApplicationTests    : Starting DemoApplicationTests on wuxiao-PC with PID 8912 (started by wuxiao in D:\java项目\vhr-master\vhr-master\demo2)
2019-12-10 10:21:51.260  INFO 8912 --- [main] com.example.demo.DemoApplicationTests    : No active profile set, falling back to default profiles: default
2019-12-10 10:21:52.613  INFO 8912 --- [main] trationDelegate$BeanPostProcessorChecker : Bean 'org.springframework.transaction.annotation.ProxyTransactionManagementConfiguration' of type [org.springframework.transaction.annotation.ProxyTransactionManagementConfiguration] is not eligible for getting processed by all BeanPostProcessors (for example: not eligible for auto-proxying)
2019-12-10 10:21:53.772  INFO 8912 --- [main] pertySourcedRequestMappingHandlerMapping : Mapped URL path [/v2/api-docs] onto method [springfox.documentation.swagger2.web.Swagger2Controller#getDocumentation(String, HttpServletRequest)]
2019-12-10 10:21:54.595  INFO 8912 --- [main] o.s.s.c.ThreadPoolTaskScheduler          : Initializing ExecutorService 'taskScheduler'
2019-12-10 10:21:54.665  INFO 8912 --- [main] d.s.w.p.DocumentationPluginsBootstrapper : Context refreshed
2019-12-10 10:21:54.736  INFO 8912 --- [main] d.s.w.p.DocumentationPluginsBootstrapper : Found 1 custom documentation plugin(s)
2019-12-10 10:21:54.774  INFO 8912 --- [main] s.d.s.w.s.ApiListingReferenceScanner     : Scanning for api listing references
2019-12-10 10:21:54.986  INFO 8912 --- [main] com.example.demo.DemoApplicationTests    : Started DemoApplicationTests in 4.135 seconds (JVM running for 5.154)
2019-12-10 10:21:55.246  INFO 8912 --- [SpringContextShutdownHook] o.s.s.c.ThreadPoolTaskScheduler          : Shutting down ExecutorService 'taskScheduler'
2019-12-10 10:31:58.858  INFO 13064 --- [main] com.example.demo.DemoApplicationTests    : Starting DemoApplicationTests on wuxiao-PC with PID 13064 (started by wuxiao in D:\java项目\vhr-master\vhr-master\demo2)
2019-12-10 10:31:58.860  INFO 13064 --- [main] com.example.demo.DemoApplicationTests    : No active profile set, falling back to default profiles: default
2019-12-10 10:32:00.233  INFO 13064 --- [main] trationDelegate$BeanPostProcessorChecker : Bean 'org.springframework.transaction.annotation.ProxyTransactionManagementConfiguration' of type [org.springframework.transaction.annotation.ProxyTransactionManagementConfiguration] is not eligible for getting processed by all BeanPostProcessors (for example: not eligible for auto-proxying)
2019-12-10 10:32:01.444  INFO 13064 --- [main] pertySourcedRequestMappingHandlerMapping : Mapped URL path [/v2/api-docs] onto method [springfox.documentation.swagger2.web.Swagger2Controller#getDocumentation(String, HttpServletRequest)]
2019-12-10 10:32:02.307  INFO 13064 --- [main] o.s.s.c.ThreadPoolTaskScheduler          : Initializing ExecutorService 'taskScheduler'
2019-12-10 10:32:02.402  INFO 13064 --- [main] d.s.w.p.DocumentationPluginsBootstrapper : Context refreshed
2019-12-10 10:32:02.428  INFO 13064 --- [main] d.s.w.p.DocumentationPluginsBootstrapper : Found 1 custom documentation plugin(s)
2019-12-10 10:32:02.463  INFO 13064 --- [main] s.d.s.w.s.ApiListingReferenceScanner     : Scanning for api listing references
2019-12-10 10:32:02.692  INFO 13064 --- [main] com.example.demo.DemoApplicationTests    : Started DemoApplicationTests in 4.236 seconds (JVM running for 5.337)
2019-12-10 10:32:02.950  INFO 13064 --- [SpringContextShutdownHook] o.s.s.c.ThreadPoolTaskScheduler          : Shutting down ExecutorService 'taskScheduler'
